Build started 2013-06-24 21:13:50.
     1>Project "C:\Documents and Settings\Kulverstukass\My Documents\Projects\CodeBlocks\StealthStalker\resources\Win7ElevateV2_Source\Win7ElevateDll\Win7ElevateDll.vcxproj" on node 2 (build target(s)).
     1>InitializeBuildStatus:
         Creating "Win32\DebugDebug\Win7ElevateDll.unsuccessfulbuild" because "AlwaysCreate" was specified.
       ClCompile:
         C:\Program Files\Microsoft Visual Studio 10.0\VC\bin\CL.exe /c /ZI /nologo /W3 /WX- /Od /Oy- /D WIN32 /D _DEBUG /D _WINDOWS /D _USRDLL /D WIN7ELEVATEDLL_EXPORTS /D _WINDLL /D _UNICODE /D UNICODE /Gm /EHsc /RTC1 /MDd /GS /fp:precise /Zc:wchar_t /Zc:forScope /Yc"StdAfx.h" /Fp"Win32\DebugDebug\Win7ElevateDll.pch" /Fo"Win32\DebugDebug\\" /Fd"Win32\DebugDebug\vc100.pdb" /Gd /TP /analyze- /errorReport:prompt stdafx.cpp
         stdafx.cpp
         C:\Program Files\Microsoft Visual Studio 10.0\VC\bin\CL.exe /c /ZI /nologo /W3 /WX- /Od /Oy- /D WIN32 /D _DEBUG /D _WINDOWS /D _USRDLL /D WIN7ELEVATEDLL_EXPORTS /D _WINDLL /D _UNICODE /D UNICODE /Gm /EHsc /RTC1 /MDd /GS /fp:precise /Zc:wchar_t /Zc:forScope /Fo"Win32\DebugDebug\\" /Fd"Win32\DebugDebug\vc100.pdb" /Gd /TP /analyze- /errorReport:prompt dllmain.cpp
         dllmain.cpp
       ResourceCompile:
         C:\Program Files\Microsoft SDKs\Windows\v7.0A\bin\rc.exe /D _UNICODE /D UNICODE /l"0x0409" /nologo /fo"Win32\DebugDebug\Win7ElevateDll.res" Win7ElevateDll.rc 
       ManifestResourceCompile:
         C:\Program Files\Microsoft SDKs\Windows\v7.0A\bin\rc.exe /nologo /fo"Win32\DebugDebug\Win7ElevateDll.dll.embed.manifest.res" Win32\DebugDebug\Win7ElevateDll_manifest.rc 
     1>C:\Program Files\MSBuild\Microsoft.Cpp\v4.0\Microsoft.CppBuild.targets(990,5): warning MSB8012: TargetPath(C:\Documents and Settings\Kulverstukass\My Documents\Projects\CodeBlocks\StealthStalker\resources\Win7ElevateV2_Source\Win32\Debug\Win7ElevateDll.dll) does not match the Linker's OutputFile property value (C:\Documents and Settings\Kulverstukass\My Documents\Projects\CodeBlocks\StealthStalker\resources\Win7ElevateV2_Source\Win32\Debug\Win7ElevateDll32.dll). This may cause your project to build incorrectly. To correct this, please make sure that $(OutDir), $(TargetName) and $(TargetExt) property values match the value specified in %(Link.OutputFile).
     1>C:\Program Files\MSBuild\Microsoft.Cpp\v4.0\Microsoft.CppBuild.targets(992,5): warning MSB8012: TargetName(Win7ElevateDll) does not match the Linker's OutputFile property value (Win7ElevateDll32). This may cause your project to build incorrectly. To correct this, please make sure that $(OutDir), $(TargetName) and $(TargetExt) property values match the value specified in %(Link.OutputFile).
       Link:
         C:\Program Files\Microsoft Visual Studio 10.0\VC\bin\link.exe /ERRORREPORT:PROMPT /OUT:"C:\Documents and Settings\Kulverstukass\My Documents\Projects\CodeBlocks\StealthStalker\resources\Win7ElevateV2_Source\Win32\Debug\Win7ElevateDll32.dll" /INCREMENTAL /NOLOGO kernel32.lib user32.lib gdi32.lib winspool.lib comdlg32.lib advapi32.lib shell32.lib ole32.lib oleaut32.lib uuid.lib odbc32.lib odbccp32.lib /MANIFEST /ManifestFile:"Win32\DebugDebug\Win7ElevateDll.dll.intermediate.manifest" /MANIFESTUAC:"level='asInvoker' uiAccess='false'" /DEBUG /PDB:"C:\Documents and Settings\Kulverstukass\My Documents\Projects\CodeBlocks\StealthStalker\resources\Win7ElevateV2_Source\Win32\Debug\Win7ElevateDll.pdb" /SUBSYSTEM:WINDOWS /TLBID:1 /DYNAMICBASE /NXCOMPAT /MACHINE:X86 /DLL Win32\DebugDebug\Win7ElevateDll.res
         Win32\DebugDebug\Win7ElevateDll.dll.embed.manifest.res
         Win32\DebugDebug\dllmain.obj
         Win32\DebugDebug\stdafx.obj
       Manifest:
         C:\Program Files\Microsoft SDKs\Windows\v7.0A\bin\mt.exe /nologo /verbose /out:"Win32\DebugDebug\Win7ElevateDll.dll.embed.manifest" /manifest Win32\DebugDebug\Win7ElevateDll.dll.intermediate.manifest
         C:\Program Files\Microsoft SDKs\Windows\v7.0A\bin\rc.exe /nologo /fo"Win32\DebugDebug\Win7ElevateDll.dll.embed.manifest.res" Win32\DebugDebug\Win7ElevateDll_manifest.rc 
       LinkEmbedManifest:
         C:\Program Files\Microsoft Visual Studio 10.0\VC\bin\link.exe /ERRORREPORT:PROMPT /OUT:"C:\Documents and Settings\Kulverstukass\My Documents\Projects\CodeBlocks\StealthStalker\resources\Win7ElevateV2_Source\Win32\Debug\Win7ElevateDll32.dll" /INCREMENTAL /NOLOGO kernel32.lib user32.lib gdi32.lib winspool.lib comdlg32.lib advapi32.lib shell32.lib ole32.lib oleaut32.lib uuid.lib odbc32.lib odbccp32.lib /MANIFEST /ManifestFile:"Win32\DebugDebug\Win7ElevateDll.dll.intermediate.manifest" /MANIFESTUAC:"level='asInvoker' uiAccess='false'" /DEBUG /PDB:"C:\Documents and Settings\Kulverstukass\My Documents\Projects\CodeBlocks\StealthStalker\resources\Win7ElevateV2_Source\Win32\Debug\Win7ElevateDll.pdb" /SUBSYSTEM:WINDOWS /TLBID:1 /DYNAMICBASE /NXCOMPAT /MACHINE:X86 /DLL Win32\DebugDebug\Win7ElevateDll.res
         Win32\DebugDebug\Win7ElevateDll.dll.embed.manifest.res
         Win32\DebugDebug\dllmain.obj
         Win32\DebugDebug\stdafx.obj
         Win7ElevateDll.vcxproj -> C:\Documents and Settings\Kulverstukass\My Documents\Projects\CodeBlocks\StealthStalker\resources\Win7ElevateV2_Source\Win32\Debug\Win7ElevateDll.dll
       FinalizeBuildStatus:
         Deleting file "Win32\DebugDebug\Win7ElevateDll.unsuccessfulbuild".
         Touching "Win32\DebugDebug\Win7ElevateDll.lastbuildstate".
     1>Done Building Project "C:\Documents and Settings\Kulverstukass\My Documents\Projects\CodeBlocks\StealthStalker\resources\Win7ElevateV2_Source\Win7ElevateDll\Win7ElevateDll.vcxproj" (build target(s)).

Build succeeded.

Time Elapsed 00:00:05.39
