Build started 2013-06-24 21:13:56.
     1>Project "C:\Documents and Settings\Kulverstukass\My Documents\Projects\CodeBlocks\StealthStalker\resources\Win7ElevateV2_Source\Win7Elevate\Win7Elevate.vcxproj" on node 3 (build target(s)).
     1>InitializeBuildStatus:
         Creating "Win32\Debug\Win7Elevate.unsuccessfulbuild" because "AlwaysCreate" was specified.
       ClCompile:
         C:\Program Files\Microsoft Visual Studio 10.0\VC\bin\CL.exe /c /Zi /nologo /W3 /WX- /Od /Ob1 /Oy- /D WIN32 /D _DEBUG /D _WINDOWS /D _UNICODE /D UNICODE /Gm- /EHsc /MTd /GS- /Gy- /fp:precise /Zc:wchar_t /Zc:forScope /Yc"StdAfx.h" /Fp"Win32\Debug\Win7Elevate.pch" /Fo"Win32\Debug\\" /Fd"Win32\Debug\vc100.pdb" /Gd /TP /analyze- /errorReport:prompt stdafx.cpp
         stdafx.cpp
         C:\Program Files\Microsoft Visual Studio 10.0\VC\bin\CL.exe /c /Zi /nologo /W3 /WX- /Od /Ob1 /Oy- /D WIN32 /D _DEBUG /D _WINDOWS /D _UNICODE /D UNICODE /Gm- /EHsc /MTd /GS- /Gy- /fp:precise /Zc:wchar_t /Zc:forScope /Yu"StdAfx.h" /Fp"Win32\Debug\Win7Elevate.pch" /Fo"Win32\Debug\\" /Fd"Win32\Debug\vc100.pdb" /Gd /TP /analyze- /errorReport:prompt Win7Elevate.cpp Win7Elevate_Inject.cpp Win7Elevate_Utils.cpp
         Win7Elevate.cpp
         Win7Elevate_Inject.cpp
         Win7Elevate_Utils.cpp
         Generating Code...
       ResourceCompile:
         C:\Program Files\Microsoft SDKs\Windows\v7.0A\bin\rc.exe /D _UNICODE /D UNICODE /D _DEBUG /D _UNICODE /D UNICODE /l"0x0409" /nologo /fo"Win32\Debug\Win7Elevate.res" Win7Elevate.rc 
     1>C:\Program Files\MSBuild\Microsoft.Cpp\v4.0\Microsoft.CppBuild.targets(990,5): warning MSB8012: TargetPath(C:\Documents and Settings\Kulverstukass\My Documents\Projects\CodeBlocks\StealthStalker\resources\Win7ElevateV2_Source\Win32\Debug\Win7Elevate.exe) does not match the Linker's OutputFile property value (C:\Documents and Settings\Kulverstukass\My Documents\Projects\CodeBlocks\StealthStalker\resources\Win7ElevateV2_Source\Win32\Debug\Win7Elevate32v2.exe). This may cause your project to build incorrectly. To correct this, please make sure that $(OutDir), $(TargetName) and $(TargetExt) property values match the value specified in %(Link.OutputFile).
     1>C:\Program Files\MSBuild\Microsoft.Cpp\v4.0\Microsoft.CppBuild.targets(992,5): warning MSB8012: TargetName(Win7Elevate) does not match the Linker's OutputFile property value (Win7Elevate32v2). This may cause your project to build incorrectly. To correct this, please make sure that $(OutDir), $(TargetName) and $(TargetExt) property values match the value specified in %(Link.OutputFile).
       Link:
         C:\Program Files\Microsoft Visual Studio 10.0\VC\bin\link.exe /ERRORREPORT:PROMPT /OUT:"C:\Documents and Settings\Kulverstukass\My Documents\Projects\CodeBlocks\StealthStalker\resources\Win7ElevateV2_Source\Win32\Debug\Win7Elevate32v2.exe" /INCREMENTAL:NO /NOLOGO comctl32.lib shell32.lib kernel32.lib user32.lib gdi32.lib winspool.lib comdlg32.lib advapi32.lib shell32.lib ole32.lib oleaut32.lib uuid.lib odbc32.lib odbccp32.lib /MANIFEST /ManifestFile:"Win32\Debug\Win7Elevate.exe.intermediate.manifest" /MANIFESTUAC:"level='asInvoker' uiAccess='false'" /DEBUG /PDB:"C:\Documents and Settings\Kulverstukass\My Documents\Projects\CodeBlocks\StealthStalker\resources\Win7ElevateV2_Source\Win32\Debug\Win7Elevate.pdb" /SUBSYSTEM:WINDOWS /OPT:NOREF /OPT:NOICF /TLBID:1 /DYNAMICBASE /NXCOMPAT /IMPLIB:"C:\Documents and Settings\Kulverstukass\My Documents\Projects\CodeBlocks\StealthStalker\resources\Win7ElevateV2_Source\Win32\Debug\Win7Elevate.lib" /MACHINE:X86 Win32\Debug\Win7Elevate.res
         Win32\Debug\stdafx.obj
         Win32\Debug\Win7Elevate.obj
         Win32\Debug\Win7Elevate_Inject.obj
         Win32\Debug\Win7Elevate_Utils.obj
         Win7Elevate.vcxproj -> C:\Documents and Settings\Kulverstukass\My Documents\Projects\CodeBlocks\StealthStalker\resources\Win7ElevateV2_Source\Win32\Debug\Win7Elevate.exe
       Manifest:
         C:\Program Files\Microsoft SDKs\Windows\v7.0A\bin\mt.exe /nologo /verbose /outputresource:"C:\Documents and Settings\Kulverstukass\My Documents\Projects\CodeBlocks\StealthStalker\resources\Win7ElevateV2_Source\Win32\Debug\Win7Elevate32v2.exe;#1" /manifest Win32\Debug\Win7Elevate.exe.intermediate.manifest
       FinalizeBuildStatus:
         Deleting file "Win32\Debug\Win7Elevate.unsuccessfulbuild".
         Touching "Win32\Debug\Win7Elevate.lastbuildstate".
     1>Done Building Project "C:\Documents and Settings\Kulverstukass\My Documents\Projects\CodeBlocks\StealthStalker\resources\Win7ElevateV2_Source\Win7Elevate\Win7Elevate.vcxproj" (build target(s)).

Build succeeded.

Time Elapsed 00:00:04.54
